Using pre-set license
Built from '2020.3/staging' branch; Version is '2020.3.18f1 (a7d1c678663c) revision 10998214'; Using compiler version '192528614'; Build Type 'Release'
OS: 'Windows 10 Home; OS build 19043.1237; Version 2009; 64bit' Language: 'en' Physical Memory: 16315 MB
BatchMode: 1, IsHumanControllingUs: 0, StartBugReporterOnCrash: 0, Is64bit: 1, IsPro: 0

COMMAND LINE ARGUMENTS:
E:\UnityEditors\2020.3.18f1\Editor\Unity.exe
-adb2
-batchMode
-noUpm
-name
AssetImportWorker0
-projectPath
E:/UnityProjects/Feed the Rat Mobile
-logFile
Logs/AssetImportWorker0.log
-srvPort
62455
Successfully changed project path to: E:/UnityProjects/Feed the Rat Mobile
E:/UnityProjects/Feed the Rat Mobile
Using Asset Import Pipeline V2.
Refreshing native plugins compatible for Editor in 29.88 ms, found 2 plugins.
Preloading 0 native plugins for Editor in 0.00 ms.
Initialize engine version: 2020.3.18f1 (a7d1c678663c)
[Subsystems] Discovering subsystems at path E:/UnityEditors/2020.3.18f1/Editor/Data/Resources/UnitySubsystems
[Subsystems] Discovering subsystems at path E:/UnityProjects/Feed the Rat Mobile/Assets
GfxDevice: creating device client; threaded=0
Direct3D:
    Version:  Direct3D 11.0 [level 11.1]
    Renderer: NVIDIA GeForce GTX 1070 (ID=0x1b81)
    Vendor:   
    VRAM:     8088 MB
    Driver:   27.21.14.6079
Initialize mono
Mono path[0] = 'E:/UnityEditors/2020.3.18f1/Editor/Data/Managed'
Mono path[1] = 'E:/UnityEditors/2020.3.18f1/Editor/Data/MonoBleedingEdge/lib/mono/unityjit'
Mono config path = 'E:/UnityEditors/2020.3.18f1/Editor/Data/MonoBleedingEdge/etc'
Using monoOptions --debugger-agent=transport=dt_socket,embedding=1,server=y,suspend=n,address=127.0.0.1:56952
Begin MonoManager ReloadAssembly
Registering precompiled unity dll's ...
Register platform support module: E:/UnityEditors/2020.3.18f1/Editor/Data/PlaybackEngines/WindowsStandaloneSupport/UnityEditor.WindowsStandalone.Extensions.dll
Registered in 0.001061 seconds.
Native extension for WindowsStandalone target not found
Refreshing native plugins compatible for Editor in 50.29 ms, found 2 plugins.
Preloading 0 native plugins for Editor in 0.00 ms.
Mono: successfully reloaded assembly
- Completed reload, in  2.333 seconds
Domain Reload Profiling:
	ReloadAssembly (2333ms)
		BeginReloadAssembly (61ms)
			ExecutionOrderSort (0ms)
			DisableScriptedObjects (0ms)
			BackupInstance (0ms)
			ReleaseScriptingObjects (0ms)
			CreateAndSetChildDomain (1ms)
		EndReloadAssembly (576ms)
			LoadAssemblies (60ms)
			RebuildTransferFunctionScriptingTraits (0ms)
			SetupTypeCache (128ms)
			ReleaseScriptCaches (0ms)
			RebuildScriptCaches (27ms)
			SetupLoadedEditorAssemblies (165ms)
				LogAssemblyErrors (0ms)
				InitializePlatformSupportModulesInManaged (7ms)
				SetLoadedEditorAssemblies (1ms)
				RefreshPlugins (50ms)
				BeforeProcessingInitializeOnLoad (14ms)
				ProcessInitializeOnLoadAttributes (69ms)
				ProcessInitializeOnLoadMethodAttributes (24ms)
				AfterProcessingInitializeOnLoad (0ms)
				EditorAssembliesLoaded (0ms)
			ExecutionOrderSort2 (0ms)
			AwakeInstancesAfterBackupRestoration (0ms)
Platform modules already initialized, skipping
Registering precompiled user dll's ...
Registered in 0.002526 seconds.
Begin MonoManager ReloadAssembly
Native extension for WindowsStandalone target not found
Refreshing native plugins compatible for Editor in 25.31 ms, found 2 plugins.
Preloading 0 native plugins for Editor in 0.00 ms.
Mono: successfully reloaded assembly
- Completed reload, in  0.919 seconds
Domain Reload Profiling:
	ReloadAssembly (919ms)
		BeginReloadAssembly (154ms)
			ExecutionOrderSort (0ms)
			DisableScriptedObjects (4ms)
			BackupInstance (0ms)
			ReleaseScriptingObjects (0ms)
			CreateAndSetChildDomain (17ms)
		EndReloadAssembly (717ms)
			LoadAssemblies (95ms)
			RebuildTransferFunctionScriptingTraits (0ms)
			SetupTypeCache (244ms)
			ReleaseScriptCaches (0ms)
			RebuildScriptCaches (37ms)
			SetupLoadedEditorAssemblies (257ms)
				LogAssemblyErrors (0ms)
				InitializePlatformSupportModulesInManaged (4ms)
				SetLoadedEditorAssemblies (0ms)
				RefreshPlugins (25ms)
				BeforeProcessingInitializeOnLoad (53ms)
				ProcessInitializeOnLoadAttributes (168ms)
				ProcessInitializeOnLoadMethodAttributes (4ms)
				AfterProcessingInitializeOnLoad (2ms)
				EditorAssembliesLoaded (0ms)
			ExecutionOrderSort2 (0ms)
			AwakeInstancesAfterBackupRestoration (6ms)
Platform modules already initialized, skipping
========================================================================
Worker process is ready to serve import requests
Launched and connected shader compiler UnityShaderCompiler.exe after 0.11 seconds
Refreshing native plugins compatible for Editor in 0.32 ms, found 2 plugins.
Preloading 0 native plugins for Editor in 0.00 ms.
Unloading 1468 Unused Serialized files (Serialized files now loaded: 0)
System memory in use before: 70.1 MB.
System memory in use after: 70.2 MB.

Unloading 16 unused Assets to reduce memory usage. Loaded Objects now: 1902.
Total: 2.502000 ms (FindLiveObjects: 0.150200 ms CreateObjectMapping: 0.051400 ms MarkObjects: 2.230200 ms  DeleteObjects: 0.069200 ms)

AssetImportParameters requested are different than current active one (requested -> active):
  custom:framework-win-MediaFoundation: 216162199b28c13a410421893ffa2e32 -> 
  custom:video-decoder-ogg-theora: a1e56fd34408186e4bbccfd4996cb3dc -> 
  custom:container-muxer-webm: aa71ff27fc2769a1b78a27578f13a17b -> 
  custom:container-demuxer-webm: 4f35f7cbe854078d1ac9338744f61a02 -> 
  custom:container-demuxer-ogg: 62fdf1f143b41e24485cea50d1cbac27 -> 
  custom:video-encoder-webm-vp8: eb34c28f22e8b96e1ab97ce403110664 -> 
  custom:video-codec-MediaFoundation-h265: e54d7ab0439102e2317fc1e4b246158d -> 
  custom:video-decoder-webm-vp8: 9c59270c3fd7afecdb556c50c9e8de78 -> 
  custom:audio-decoder-ogg-vorbis: bf7c407c2cedff20999df2af8eb42d56 -> 
  custom:audio-encoder-webm-vorbis: bf7c407c2cedff20999df2af8eb42d56 -> 
========================================================================
Received Import Request.
  path: Assets/Scripts/Stomach.cs
  artifactKey: Guid(d21fb15bb583ac042b19064789b75af3) Importer(815301076,1909f56bfc062723c751e8b465ee728b)
Start importing Assets/Scripts/Stomach.cs using Guid(d21fb15bb583ac042b19064789b75af3) Importer(815301076,1909f56bfc062723c751e8b465ee728b)  -> (artifact id: '3060c2bf0b864d8aea978a8e6f80ed2b') in 0.191843 seconds 
  Import took 0.194148 seconds .

========================================================================
Received Import Request.
  Time since last request: 52.384185 seconds.
  path: Assets/Resources/UI/stomach7.png
  artifactKey: Guid(4bcd1a59adcf7d241a0e3e55d690e28a) Importer(815301076,1909f56bfc062723c751e8b465ee728b)
Start importing Assets/Resources/UI/stomach7.png using Guid(4bcd1a59adcf7d241a0e3e55d690e28a) Importer(815301076,1909f56bfc062723c751e8b465ee728b)  -> (artifact id: 'a71e610018aa546933d2c9a8fc03df18') in 0.141140 seconds 
  Import took 0.162930 seconds .

========================================================================
Received Import Request.
  Time since last request: 0.000261 seconds.
  path: Assets/Resources/UI/stomach8.png
  artifactKey: Guid(415620f0d3b426a4395fa417826b338f) Importer(815301076,1909f56bfc062723c751e8b465ee728b)
Start importing Assets/Resources/UI/stomach8.png using Guid(415620f0d3b426a4395fa417826b338f) Importer(815301076,1909f56bfc062723c751e8b465ee728b)  -> (artifact id: 'd6536ad81a994279c9ef8ec6738f42c4') in 0.014674 seconds 
  Import took 0.023828 seconds .

========================================================================
Received Import Request.
  Time since last request: 0.000300 seconds.
  path: Assets/Resources/UI/teststomach0.png
  artifactKey: Guid(f78402f77495f864692365e15d4a0ee3) Importer(815301076,1909f56bfc062723c751e8b465ee728b)
Start importing Assets/Resources/UI/teststomach0.png using Guid(f78402f77495f864692365e15d4a0ee3) Importer(815301076,1909f56bfc062723c751e8b465ee728b)  -> (artifact id: 'ebf6d951f29bf60cc9cbc3323e9d8be1') in 0.013833 seconds 
  Import took 0.044041 seconds .

========================================================================
Received Import Request.
  Time since last request: 0.687439 seconds.
  path: Assets/Resources/UI/teststomach1.png
  artifactKey: Guid(4eeb51d8d1275c94f8958f034795bbc1) Importer(815301076,1909f56bfc062723c751e8b465ee728b)
Start importing Assets/Resources/UI/teststomach1.png using Guid(4eeb51d8d1275c94f8958f034795bbc1) Importer(815301076,1909f56bfc062723c751e8b465ee728b)  -> (artifact id: '206fe340c1ffb592914e9ee979cdc1da') in 0.028357 seconds 
  Import took 0.045503 seconds .

========================================================================
Received Import Request.
  Time since last request: 0.000352 seconds.
  path: Assets/Resources/UI/teststomach2.png
  artifactKey: Guid(39bc324f67e0b94459588d5114eaa6dc) Importer(815301076,1909f56bfc062723c751e8b465ee728b)
Start importing Assets/Resources/UI/teststomach2.png using Guid(39bc324f67e0b94459588d5114eaa6dc) Importer(815301076,1909f56bfc062723c751e8b465ee728b)  -> (artifact id: '74b5924eed24bcab71b15ecea633bc04') in 0.058157 seconds 
  Import took 0.068632 seconds .

========================================================================
Received Import Request.
  Time since last request: 0.063794 seconds.
  path: Assets/Resources/UI/teststomach3.png
  artifactKey: Guid(fd6195514459d304babf061d6b45435f) Importer(815301076,1909f56bfc062723c751e8b465ee728b)
Start importing Assets/Resources/UI/teststomach3.png using Guid(fd6195514459d304babf061d6b45435f) Importer(815301076,1909f56bfc062723c751e8b465ee728b)  -> (artifact id: '57c3e831640ee88df7d4fd82e8cc2170') in 0.043151 seconds 
  Import took 0.058541 seconds .

========================================================================
Received Import Request.
  Time since last request: 0.000360 seconds.
  path: Assets/Resources/UI/teststomach4.png
  artifactKey: Guid(6ddfad00aaa338b40ad3138ff1dc5bcf) Importer(815301076,1909f56bfc062723c751e8b465ee728b)
Start importing Assets/Resources/UI/teststomach4.png using Guid(6ddfad00aaa338b40ad3138ff1dc5bcf) Importer(815301076,1909f56bfc062723c751e8b465ee728b)  -> (artifact id: 'cb0bbf59e77633900a5dd3b13cc7f588') in 0.023746 seconds 
  Import took 0.036555 seconds .

========================================================================
Received Import Request.
  Time since last request: 1.848236 seconds.
  path: Assets/Resources/UI/teststomach5.png
  artifactKey: Guid(fc4f5bc3a049a984095b62ce0fa16ae4) Importer(815301076,1909f56bfc062723c751e8b465ee728b)
Start importing Assets/Resources/UI/teststomach5.png using Guid(fc4f5bc3a049a984095b62ce0fa16ae4) Importer(815301076,1909f56bfc062723c751e8b465ee728b)  -> (artifact id: 'fe95b138a236db36121fd7d9e433add0') in 0.030613 seconds 
  Import took 0.033172 seconds .

========================================================================
Received Import Request.
  Time since last request: 0.000280 seconds.
  path: Assets/Resources/UI/teststomach6.png
  artifactKey: Guid(7b60f5e2f7b1e484ca4552cb9e66c235) Importer(815301076,1909f56bfc062723c751e8b465ee728b)
Start importing Assets/Resources/UI/teststomach6.png using Guid(7b60f5e2f7b1e484ca4552cb9e66c235) Importer(815301076,1909f56bfc062723c751e8b465ee728b)  -> (artifact id: 'f26ef13f326ba39d4f007ac7761065a5') in 0.033366 seconds 
  Import took 0.040982 seconds .

========================================================================
Received Import Request.
  Time since last request: 0.089404 seconds.
  path: Assets/Resources/UI/teststomach7.png
  artifactKey: Guid(10bf2a0a5ebff474fb4c177c5c541211) Importer(815301076,1909f56bfc062723c751e8b465ee728b)
Start importing Assets/Resources/UI/teststomach7.png using Guid(10bf2a0a5ebff474fb4c177c5c541211) Importer(815301076,1909f56bfc062723c751e8b465ee728b)  -> (artifact id: 'd6b16d6f89e6a96923733d0c378e536f') in 0.012352 seconds 
  Import took 0.014566 seconds .

========================================================================
Received Import Request.
  Time since last request: 0.000292 seconds.
  path: Assets/Resources/UI/teststomach8.png
  artifactKey: Guid(82c66179da4cf4244824acc361508b72) Importer(815301076,1909f56bfc062723c751e8b465ee728b)
Start importing Assets/Resources/UI/teststomach8.png using Guid(82c66179da4cf4244824acc361508b72) Importer(815301076,1909f56bfc062723c751e8b465ee728b)  -> (artifact id: '178b655d8ee63b9c03ce893017ea8521') in 0.014321 seconds 
  Import took 0.036693 seconds .

========================================================================
Received Import Request.
  Time since last request: 7.592111 seconds.
  path: Assets/Prefabs/UI.prefab
  artifactKey: Guid(b47b713aa7a8c964eb03d0daceb4ebca) Importer(815301076,1909f56bfc062723c751e8b465ee728b)
Start importing Assets/Prefabs/UI.prefab using Guid(b47b713aa7a8c964eb03d0daceb4ebca) Importer(815301076,1909f56bfc062723c751e8b465ee728b)  -> (artifact id: '70f6955444383e787953562cdfe95ba8') in 0.093989 seconds 
  Import took 0.116177 seconds .

========================================================================
Received Import Request.
  Time since last request: 7.103054 seconds.
  path: Assets/Prefabs/UI.prefab
  artifactKey: Guid(b47b713aa7a8c964eb03d0daceb4ebca) Importer(815301076,1909f56bfc062723c751e8b465ee728b)
Start importing Assets/Prefabs/UI.prefab using Guid(b47b713aa7a8c964eb03d0daceb4ebca) Importer(815301076,1909f56bfc062723c751e8b465ee728b)  -> (artifact id: '42091541aa316d0ee5555005adb35134') in 0.026279 seconds 
  Import took 0.037138 seconds .

========================================================================
Received Import Request.
  Time since last request: 3.194671 seconds.
  path: Assets/Prefabs/UI.prefab
  artifactKey: Guid(b47b713aa7a8c964eb03d0daceb4ebca) Importer(815301076,1909f56bfc062723c751e8b465ee728b)
Start importing Assets/Prefabs/UI.prefab using Guid(b47b713aa7a8c964eb03d0daceb4ebca) Importer(815301076,1909f56bfc062723c751e8b465ee728b)  -> (artifact id: '26323f097e7ba11bbff31972e6101248') in 0.026698 seconds 
  Import took 0.039167 seconds .

========================================================================
Received Import Request.
  Time since last request: 4.622368 seconds.
  path: Assets/Prefabs/UI.prefab
  artifactKey: Guid(b47b713aa7a8c964eb03d0daceb4ebca) Importer(815301076,1909f56bfc062723c751e8b465ee728b)
Start importing Assets/Prefabs/UI.prefab using Guid(b47b713aa7a8c964eb03d0daceb4ebca) Importer(815301076,1909f56bfc062723c751e8b465ee728b)  -> (artifact id: 'a4ee814b449bf7d936dda3fd1b11cfb8') in 0.029073 seconds 
  Import took 0.036822 seconds .

========================================================================
Received Import Request.
  Time since last request: 6.801279 seconds.
  path: Assets/Prefabs/UI.prefab
  artifactKey: Guid(b47b713aa7a8c964eb03d0daceb4ebca) Importer(815301076,1909f56bfc062723c751e8b465ee728b)
Start importing Assets/Prefabs/UI.prefab using Guid(b47b713aa7a8c964eb03d0daceb4ebca) Importer(815301076,1909f56bfc062723c751e8b465ee728b)  -> (artifact id: 'c9f005015adc134d4082f15bcd0cb30d') in 0.027284 seconds 
  Import took 0.029957 seconds .

========================================================================
Received Import Request.
  Time since last request: 5.648510 seconds.
  path: Assets/Prefabs/UI.prefab
  artifactKey: Guid(b47b713aa7a8c964eb03d0daceb4ebca) Importer(815301076,1909f56bfc062723c751e8b465ee728b)
Start importing Assets/Prefabs/UI.prefab using Guid(b47b713aa7a8c964eb03d0daceb4ebca) Importer(815301076,1909f56bfc062723c751e8b465ee728b)  -> (artifact id: '4343878078299a02ebd6341fe0eb0e25') in 0.026316 seconds 
  Import took 0.042624 seconds .

========================================================================
Received Import Request.
  Time since last request: 1.735418 seconds.
  path: Assets/Prefabs/UI.prefab
  artifactKey: Guid(b47b713aa7a8c964eb03d0daceb4ebca) Importer(815301076,1909f56bfc062723c751e8b465ee728b)
Start importing Assets/Prefabs/UI.prefab using Guid(b47b713aa7a8c964eb03d0daceb4ebca) Importer(815301076,1909f56bfc062723c751e8b465ee728b)  -> (artifact id: 'b3e372207db71ee9fca8578fa2a64251') in 0.024812 seconds 
  Import took 0.033939 seconds .

========================================================================
Received Import Request.
  Time since last request: 4.417905 seconds.
  path: Assets/Prefabs/UI.prefab
  artifactKey: Guid(b47b713aa7a8c964eb03d0daceb4ebca) Importer(815301076,1909f56bfc062723c751e8b465ee728b)
Start importing Assets/Prefabs/UI.prefab using Guid(b47b713aa7a8c964eb03d0daceb4ebca) Importer(815301076,1909f56bfc062723c751e8b465ee728b)  -> (artifact id: 'a58155e0db0a27e560ae06ea999b9235') in 0.025009 seconds 
  Import took 0.033885 seconds .

========================================================================
Received Import Request.
  Time since last request: 3.438993 seconds.
  path: Assets/Prefabs/UI.prefab
  artifactKey: Guid(b47b713aa7a8c964eb03d0daceb4ebca) Importer(815301076,1909f56bfc062723c751e8b465ee728b)
Start importing Assets/Prefabs/UI.prefab using Guid(b47b713aa7a8c964eb03d0daceb4ebca) Importer(815301076,1909f56bfc062723c751e8b465ee728b)  -> (artifact id: '58e9d11e1f48bb8561a8e1438690843a') in 0.027416 seconds 
  Import took 0.036285 seconds .

========================================================================
Received Import Request.
  Time since last request: 3.016243 seconds.
  path: Assets/Prefabs/UI.prefab
  artifactKey: Guid(b47b713aa7a8c964eb03d0daceb4ebca) Importer(815301076,1909f56bfc062723c751e8b465ee728b)
Start importing Assets/Prefabs/UI.prefab using Guid(b47b713aa7a8c964eb03d0daceb4ebca) Importer(815301076,1909f56bfc062723c751e8b465ee728b)  -> (artifact id: '67be4951a2fea0dd3bae03a0b9990baa') in 0.025781 seconds 
  Import took 0.042910 seconds .

========================================================================
Received Import Request.
  Time since last request: 2.629784 seconds.
  path: Assets/Prefabs/UI.prefab
  artifactKey: Guid(b47b713aa7a8c964eb03d0daceb4ebca) Importer(815301076,1909f56bfc062723c751e8b465ee728b)
Start importing Assets/Prefabs/UI.prefab using Guid(b47b713aa7a8c964eb03d0daceb4ebca) Importer(815301076,1909f56bfc062723c751e8b465ee728b)  -> (artifact id: '60e37d8996d307e9c5935e6183e2fec5') in 0.025784 seconds 
  Import took 0.041946 seconds .

========================================================================
Received Import Request.
  Time since last request: 2.784352 seconds.
  path: Assets/Prefabs/UI.prefab
  artifactKey: Guid(b47b713aa7a8c964eb03d0daceb4ebca) Importer(815301076,1909f56bfc062723c751e8b465ee728b)
Start importing Assets/Prefabs/UI.prefab using Guid(b47b713aa7a8c964eb03d0daceb4ebca) Importer(815301076,1909f56bfc062723c751e8b465ee728b)  -> (artifact id: '6b92417822ed54c61c3e1fa61ff5f1b4') in 0.024850 seconds 
  Import took 0.034698 seconds .

========================================================================
Received Prepare
Registering precompiled user dll's ...
Registered in 0.002676 seconds.
Begin MonoManager ReloadAssembly
Native extension for WindowsStandalone target not found
Refreshing native plugins compatible for Editor in 0.31 ms, found 2 plugins.
Preloading 0 native plugins for Editor in 0.00 ms.
Mono: successfully reloaded assembly
- Completed reload, in  0.794 seconds
Domain Reload Profiling:
	ReloadAssembly (794ms)
		BeginReloadAssembly (104ms)
			ExecutionOrderSort (0ms)
			DisableScriptedObjects (4ms)
			BackupInstance (0ms)
			ReleaseScriptingObjects (0ms)
			CreateAndSetChildDomain (28ms)
		EndReloadAssembly (645ms)
			LoadAssemblies (84ms)
			RebuildTransferFunctionScriptingTraits (0ms)
			SetupTypeCache (220ms)
			ReleaseScriptCaches (1ms)
			RebuildScriptCaches (31ms)
			SetupLoadedEditorAssemblies (242ms)
				LogAssemblyErrors (0ms)
				InitializePlatformSupportModulesInManaged (4ms)
				SetLoadedEditorAssemblies (0ms)
				RefreshPlugins (0ms)
				BeforeProcessingInitializeOnLoad (78ms)
				ProcessInitializeOnLoadAttributes (154ms)
				ProcessInitializeOnLoadMethodAttributes (3ms)
				AfterProcessingInitializeOnLoad (2ms)
				EditorAssembliesLoaded (0ms)
			ExecutionOrderSort2 (0ms)
			AwakeInstancesAfterBackupRestoration (5ms)
Platform modules already initialized, skipping
Switching build target platform(19) subTarget(0) extendedPlatform(0) -> platform(13) subTarget(537395200) extendedPlatform(0)
Refreshing native plugins compatible for Editor in 0.36 ms, found 2 plugins.
Preloading 0 native plugins for Editor in 0.00 ms.
Unloading 1452 Unused Serialized files (Serialized files now loaded: 0)
System memory in use before: 71.7 MB.
System memory in use after: 71.8 MB.

Unloading 11 unused Assets to reduce memory usage. Loaded Objects now: 1910.
Total: 3.150600 ms (FindLiveObjects: 0.157100 ms CreateObjectMapping: 0.050200 ms MarkObjects: 2.920100 ms  DeleteObjects: 0.022000 ms)

AssetImportParameters requested are different than current active one (requested -> active):
  custom:framework-win-MediaFoundation: 216162199b28c13a410421893ffa2e32 -> 
  custom:video-decoder-ogg-theora: a1e56fd34408186e4bbccfd4996cb3dc -> 
  custom:container-muxer-webm: aa71ff27fc2769a1b78a27578f13a17b -> 
  custom:container-demuxer-webm: 4f35f7cbe854078d1ac9338744f61a02 -> 
  custom:container-demuxer-ogg: 62fdf1f143b41e24485cea50d1cbac27 -> 
  custom:video-encoder-webm-vp8: eb34c28f22e8b96e1ab97ce403110664 -> 
  custom:video-codec-MediaFoundation-h265: e54d7ab0439102e2317fc1e4b246158d -> 
  custom:video-decoder-webm-vp8: 9c59270c3fd7afecdb556c50c9e8de78 -> 
  custom:graphics/normal-map-encoding: 01000000000000000000000000000000 -> 02000000000000000000000000000000
  custom:audio-decoder-ogg-vorbis: bf7c407c2cedff20999df2af8eb42d56 -> 
  custom:audio-encoder-webm-vorbis: bf7c407c2cedff20999df2af8eb42d56 -> 
========================================================================
Received Import Request.
  Time since last request: 239.265774 seconds.
  path: Assets/Scripts/Rat.cs
  artifactKey: Guid(d22f2bed0081997478801e13d9622d2a) Importer(815301076,1909f56bfc062723c751e8b465ee728b)
Start importing Assets/Scripts/Rat.cs using Guid(d22f2bed0081997478801e13d9622d2a) Importer(815301076,1909f56bfc062723c751e8b465ee728b)  -> (artifact id: '764ad93085a105d63ba8e9e9a2a07d69') in 0.007009 seconds 
  Import took 0.016135 seconds .

========================================================================
Received Import Request.
  Time since last request: 30.102651 seconds.
  path: Assets/Scripts/Rat.cs
  artifactKey: Guid(d22f2bed0081997478801e13d9622d2a) Importer(815301076,1909f56bfc062723c751e8b465ee728b)
Start importing Assets/Scripts/Rat.cs using Guid(d22f2bed0081997478801e13d9622d2a) Importer(815301076,1909f56bfc062723c751e8b465ee728b)  -> (artifact id: '4a67a7e2c36bc1ba9c9f54f6b11425f2') in 0.002089 seconds 
  Import took 0.017094 seconds .

========================================================================
Received Prepare
Registering precompiled user dll's ...
Registered in 0.002776 seconds.
Begin MonoManager ReloadAssembly
Native extension for WindowsStandalone target not found
Refreshing native plugins compatible for Editor in 0.37 ms, found 2 plugins.
Preloading 0 native plugins for Editor in 0.00 ms.
Mono: successfully reloaded assembly
- Completed reload, in  0.820 seconds
Domain Reload Profiling:
	ReloadAssembly (821ms)
		BeginReloadAssembly (104ms)
			ExecutionOrderSort (0ms)
			DisableScriptedObjects (4ms)
			BackupInstance (0ms)
			ReleaseScriptingObjects (0ms)
			CreateAndSetChildDomain (28ms)
		EndReloadAssembly (662ms)
			LoadAssemblies (92ms)
			RebuildTransferFunctionScriptingTraits (0ms)
			SetupTypeCache (245ms)
			ReleaseScriptCaches (1ms)
			RebuildScriptCaches (32ms)
			SetupLoadedEditorAssemblies (224ms)
				LogAssemblyErrors (0ms)
				InitializePlatformSupportModulesInManaged (4ms)
				SetLoadedEditorAssemblies (0ms)
				RefreshPlugins (0ms)
				BeforeProcessingInitializeOnLoad (56ms)
				ProcessInitializeOnLoadAttributes (158ms)
				ProcessInitializeOnLoadMethodAttributes (3ms)
				AfterProcessingInitializeOnLoad (2ms)
				EditorAssembliesLoaded (0ms)
			ExecutionOrderSort2 (0ms)
			AwakeInstancesAfterBackupRestoration (6ms)
Platform modules already initialized, skipping
Switching build target platform(19) subTarget(0) extendedPlatform(0) -> platform(13) subTarget(537395200) extendedPlatform(0)
Refreshing native plugins compatible for Editor in 0.29 ms, found 2 plugins.
Preloading 0 native plugins for Editor in 0.00 ms.
Unloading 1452 Unused Serialized files (Serialized files now loaded: 0)
System memory in use before: 71.7 MB.
System memory in use after: 71.8 MB.

Unloading 11 unused Assets to reduce memory usage. Loaded Objects now: 1912.
Total: 2.695000 ms (FindLiveObjects: 0.121200 ms CreateObjectMapping: 0.035700 ms MarkObjects: 2.520000 ms  DeleteObjects: 0.017100 ms)

AssetImportParameters requested are different than current active one (requested -> active):
  custom:framework-win-MediaFoundation: 216162199b28c13a410421893ffa2e32 -> 
  custom:video-decoder-ogg-theora: a1e56fd34408186e4bbccfd4996cb3dc -> 
  custom:container-muxer-webm: aa71ff27fc2769a1b78a27578f13a17b -> 
  custom:container-demuxer-webm: 4f35f7cbe854078d1ac9338744f61a02 -> 
  custom:container-demuxer-ogg: 62fdf1f143b41e24485cea50d1cbac27 -> 
  custom:video-encoder-webm-vp8: eb34c28f22e8b96e1ab97ce403110664 -> 
  custom:video-codec-MediaFoundation-h265: e54d7ab0439102e2317fc1e4b246158d -> 
  custom:video-decoder-webm-vp8: 9c59270c3fd7afecdb556c50c9e8de78 -> 
  custom:graphics/normal-map-encoding: 01000000000000000000000000000000 -> 02000000000000000000000000000000
  custom:audio-decoder-ogg-vorbis: bf7c407c2cedff20999df2af8eb42d56 -> 
  custom:audio-encoder-webm-vorbis: bf7c407c2cedff20999df2af8eb42d56 -> 
========================================================================
Received Import Request.
  Time since last request: 34.289787 seconds.
  path: Assets/Scenes/New Scene.unity
  artifactKey: Guid(e783aa75224b15348a5b0a519049b55f) Importer(815301076,1909f56bfc062723c751e8b465ee728b)
Start importing Assets/Scenes/New Scene.unity using Guid(e783aa75224b15348a5b0a519049b55f) Importer(815301076,1909f56bfc062723c751e8b465ee728b)  -> (artifact id: 'd4729b21de8a98ae470de857241f6c6b') in 0.014948 seconds 
  Import took 0.038484 seconds .

========================================================================
Received Import Request.
  Time since last request: 12.886269 seconds.
  path: Assets/Scenes/Level1.unity
  artifactKey: Guid(947e1ed8517806148a28694c260eda7e) Importer(815301076,1909f56bfc062723c751e8b465ee728b)
Start importing Assets/Scenes/Level1.unity using Guid(947e1ed8517806148a28694c260eda7e) Importer(815301076,1909f56bfc062723c751e8b465ee728b)  -> (artifact id: 'f1acec9cb51840fe0576c7a46068657c') in 0.005741 seconds 
  Import took 0.008043 seconds .

========================================================================
Received Prepare
Registering precompiled user dll's ...
Registered in 0.002781 seconds.
Begin MonoManager ReloadAssembly
Native extension for WindowsStandalone target not found
Refreshing native plugins compatible for Editor in 0.29 ms, found 2 plugins.
Preloading 0 native plugins for Editor in 0.00 ms.
Mono: successfully reloaded assembly
- Completed reload, in  0.806 seconds
Domain Reload Profiling:
	ReloadAssembly (806ms)
		BeginReloadAssembly (119ms)
			ExecutionOrderSort (0ms)
			DisableScriptedObjects (4ms)
			BackupInstance (0ms)
			ReleaseScriptingObjects (0ms)
			CreateAndSetChildDomain (28ms)
		EndReloadAssembly (640ms)
			LoadAssemblies (95ms)
			RebuildTransferFunctionScriptingTraits (0ms)
			SetupTypeCache (226ms)
			ReleaseScriptCaches (1ms)
			RebuildScriptCaches (32ms)
			SetupLoadedEditorAssemblies (223ms)
				LogAssemblyErrors (0ms)
				InitializePlatformSupportModulesInManaged (4ms)
				SetLoadedEditorAssemblies (0ms)
				RefreshPlugins (0ms)
				BeforeProcessingInitializeOnLoad (55ms)
				ProcessInitializeOnLoadAttributes (158ms)
				ProcessInitializeOnLoadMethodAttributes (3ms)
				AfterProcessingInitializeOnLoad (2ms)
				EditorAssembliesLoaded (0ms)
			ExecutionOrderSort2 (0ms)
			AwakeInstancesAfterBackupRestoration (5ms)
Platform modules already initialized, skipping
Switching build target platform(19) subTarget(0) extendedPlatform(0) -> platform(13) subTarget(537395200) extendedPlatform(0)
Refreshing native plugins compatible for Editor in 0.31 ms, found 2 plugins.
Preloading 0 native plugins for Editor in 0.00 ms.
Unloading 1452 Unused Serialized files (Serialized files now loaded: 0)
System memory in use before: 71.7 MB.
System memory in use after: 71.8 MB.

Unloading 11 unused Assets to reduce memory usage. Loaded Objects now: 1914.
Total: 2.580500 ms (FindLiveObjects: 0.152600 ms CreateObjectMapping: 0.044500 ms MarkObjects: 2.366400 ms  DeleteObjects: 0.016000 ms)

AssetImportParameters requested are different than current active one (requested -> active):
  custom:framework-win-MediaFoundation: 216162199b28c13a410421893ffa2e32 -> 
  custom:video-decoder-ogg-theora: a1e56fd34408186e4bbccfd4996cb3dc -> 
  custom:container-muxer-webm: aa71ff27fc2769a1b78a27578f13a17b -> 
  custom:container-demuxer-webm: 4f35f7cbe854078d1ac9338744f61a02 -> 
  custom:container-demuxer-ogg: 62fdf1f143b41e24485cea50d1cbac27 -> 
  custom:video-encoder-webm-vp8: eb34c28f22e8b96e1ab97ce403110664 -> 
  custom:video-codec-MediaFoundation-h265: e54d7ab0439102e2317fc1e4b246158d -> 
  custom:video-decoder-webm-vp8: 9c59270c3fd7afecdb556c50c9e8de78 -> 
  custom:graphics/normal-map-encoding: 01000000000000000000000000000000 -> 02000000000000000000000000000000
  custom:audio-decoder-ogg-vorbis: bf7c407c2cedff20999df2af8eb42d56 -> 
  custom:audio-encoder-webm-vorbis: bf7c407c2cedff20999df2af8eb42d56 -> 
========================================================================
Received Prepare
Registering precompiled user dll's ...
Registered in 0.002434 seconds.
Begin MonoManager ReloadAssembly
Native extension for WindowsStandalone target not found
Refreshing native plugins compatible for Editor in 0.30 ms, found 2 plugins.
Preloading 0 native plugins for Editor in 0.00 ms.
Mono: successfully reloaded assembly
- Completed reload, in  0.801 seconds
Domain Reload Profiling:
	ReloadAssembly (801ms)
		BeginReloadAssembly (101ms)
			ExecutionOrderSort (0ms)
			DisableScriptedObjects (4ms)
			BackupInstance (0ms)
			ReleaseScriptingObjects (0ms)
			CreateAndSetChildDomain (26ms)
		EndReloadAssembly (654ms)
			LoadAssemblies (86ms)
			RebuildTransferFunctionScriptingTraits (0ms)
			SetupTypeCache (235ms)
			ReleaseScriptCaches (1ms)
			RebuildScriptCaches (32ms)
			SetupLoadedEditorAssemblies (226ms)
				LogAssemblyErrors (0ms)
				InitializePlatformSupportModulesInManaged (4ms)
				SetLoadedEditorAssemblies (0ms)
				RefreshPlugins (0ms)
				BeforeProcessingInitializeOnLoad (59ms)
				ProcessInitializeOnLoadAttributes (158ms)
				ProcessInitializeOnLoadMethodAttributes (3ms)
				AfterProcessingInitializeOnLoad (2ms)
				EditorAssembliesLoaded (0ms)
			ExecutionOrderSort2 (0ms)
			AwakeInstancesAfterBackupRestoration (5ms)
Platform modules already initialized, skipping
Switching build target platform(19) subTarget(0) extendedPlatform(0) -> platform(13) subTarget(537395200) extendedPlatform(0)
Refreshing native plugins compatible for Editor in 0.30 ms, found 2 plugins.
Preloading 0 native plugins for Editor in 0.00 ms.
Unloading 1452 Unused Serialized files (Serialized files now loaded: 0)
System memory in use before: 71.8 MB.
System memory in use after: 71.9 MB.

Unloading 11 unused Assets to reduce memory usage. Loaded Objects now: 1916.
Total: 2.509900 ms (FindLiveObjects: 0.127800 ms CreateObjectMapping: 0.036000 ms MarkObjects: 2.330400 ms  DeleteObjects: 0.014800 ms)

AssetImportParameters requested are different than current active one (requested -> active):
  custom:framework-win-MediaFoundation: 216162199b28c13a410421893ffa2e32 -> 
  custom:video-decoder-ogg-theora: a1e56fd34408186e4bbccfd4996cb3dc -> 
  custom:container-muxer-webm: aa71ff27fc2769a1b78a27578f13a17b -> 
  custom:container-demuxer-webm: 4f35f7cbe854078d1ac9338744f61a02 -> 
  custom:container-demuxer-ogg: 62fdf1f143b41e24485cea50d1cbac27 -> 
  custom:video-encoder-webm-vp8: eb34c28f22e8b96e1ab97ce403110664 -> 
  custom:video-codec-MediaFoundation-h265: e54d7ab0439102e2317fc1e4b246158d -> 
  custom:video-decoder-webm-vp8: 9c59270c3fd7afecdb556c50c9e8de78 -> 
  custom:graphics/normal-map-encoding: 01000000000000000000000000000000 -> 02000000000000000000000000000000
  custom:audio-decoder-ogg-vorbis: bf7c407c2cedff20999df2af8eb42d56 -> 
  custom:audio-encoder-webm-vorbis: bf7c407c2cedff20999df2af8eb42d56 -> 
